[20240618 020525 251][32639 - 32639][info] **********************************************************
[20240618 020525 251][32639 - 32639][info] *                    yserver   autosql                   *
[20240618 020525 251][32639 - 32639][info] *                        v:1.0.0.1                       *
[20240618 020525 251][32639 - 32639][info] **********************************************************
[20240618 020525 251][32639 - 32639][info] system start successfully
[20240618 020525 251][32639 - 32639][info] 
[20240618 020525 251][32639 - 32639][info] 
[20240618 020525 251][32639 - 32639][info] CYStream()
[20240618 020525 590][32639 - 32639][info] Close()
[20240618 020525 590][32639 - 32639][info] CYStream()
[20240618 020525 762][32639 - 32639][info] Close()
[20240618 020525 762][32639 - 32639][info] CYStream()
[20240618 020525 933][32639 - 32639][info] Close()
[20240618 020525 933][32639 - 32639][info] CYStream()
[20240618 020526 101][32639 - 32639][info] Close()
[20240618 020526 101][32639 - 32639][info] CYStream()
[20240618 020526 270][32639 - 32639][info] Close()
[20240618 020526 272][32639 - 32639][info] over 3 5 
[20240618 020546 404][541 - 541][info] **********************************************************
[20240618 020546 405][541 - 541][info] *                    yserver   autosql                   *
[20240618 020546 405][541 - 541][info] *                        v:1.0.0.1                       *
[20240618 020546 405][541 - 541][info] **********************************************************
[20240618 020546 405][541 - 541][info] system start successfully
[20240618 020546 405][541 - 541][info] 
[20240618 020546 405][541 - 541][info] 
[20240618 020546 405][541 - 541][info] CYStream()
[20240618 020546 740][541 - 541][info] Close()
[20240618 020546 740][541 - 541][info] CYStream()
[20240618 020546 909][541 - 541][info] Close()
[20240618 020546 909][541 - 541][info] CYStream()
[20240618 020547 079][541 - 541][info] Close()
[20240618 020547 079][541 - 541][info] CYStream()
[20240618 020547 246][541 - 541][info] Close()
[20240618 020547 246][541 - 541][info] CYStream()
[20240618 020547 414][541 - 541][info] Close()
[20240618 020547 416][541 - 541][info] over 3 5 
[20240618 022305 129][1514 - 1514][info] **********************************************************
[20240618 022305 129][1514 - 1514][info] *                    yserver   autosql                   *
[20240618 022305 129][1514 - 1514][info] *                        v:1.0.0.1                       *
[20240618 022305 129][1514 - 1514][info] **********************************************************
[20240618 022305 129][1514 - 1514][info] system start successfully
[20240618 022305 129][1514 - 1514][info] 
[20240618 022305 129][1514 - 1514][info] 
[20240618 022305 129][1514 - 1514][info] CYStream()
[20240618 022305 474][1514 - 1514][info] Close()
[20240618 022305 474][1514 - 1514][info] CYStream()
[20240618 022305 649][1514 - 1514][info] Close()
[20240618 022305 649][1514 - 1514][info] CYStream()
[20240618 022305 823][1514 - 1514][info] Close()
[20240618 022305 823][1514 - 1514][info] CYStream()
[20240618 022305 995][1514 - 1514][info] Close()
[20240618 022305 995][1514 - 1514][info] CYStream()
[20240618 022306 167][1514 - 1514][info] Close()
[20240618 022306 169][1514 - 1514][info] over 3 5 
